Tue Oct 01 01:55:07 2024 UTC - Module file name: C:\Program Files (x86)\Steam\gameoverlayrenderer64.dll
Tue Oct 01 01:55:07 2024 UTC - GameID = 1118200, OverlayGameID = 1118200
Tue Oct 01 01:55:07 2024 UTC - System page size: 4096
Tue Oct 01 01:55:07 2024 UTC - Hooking SetCursorPos, GetCursorPos, ShowCursor, SetCursor, and GetCursor
Tue Oct 01 01:55:07 2024 UTC - Modules at GameOverlayRenderer.dll attach
Tue Oct 01 01:55:07 2024 UTC - 01: UnityCrashHandler64.exe - (00007FF7D2D80000 to 00007FF7D2EB8000)
Tue Oct 01 01:55:07 2024 UTC - 02: ntdll.dll - (00007FFD341F0000 to 00007FFD34407000)
Tue Oct 01 01:55:07 2024 UTC - 03: aswhook.dll - (00007FFCF3D40000 to 00007FFCF3D5A000)
Tue Oct 01 01:55:07 2024 UTC - 04: KERNEL32.DLL - (00007FFD338B0000 to 00007FFD33974000)
Tue Oct 01 01:55:07 2024 UTC - 05: KERNELBASE.dll - (00007FFD315B0000 to 00007FFD3195D000)
Tue Oct 01 01:55:07 2024 UTC - 06: USER32.dll - (00007FFD33020000 to 00007FFD331CE000)
Tue Oct 01 01:55:07 2024 UTC - 07: win32u.dll - (00007FFD31BA0000 to 00007FFD31BC6000)
Tue Oct 01 01:55:07 2024 UTC - 08: GDI32.dll - (00007FFD324A0000 to 00007FFD324C9000)
Tue Oct 01 01:55:07 2024 UTC - 09: gdi32full.dll - (00007FFD31A80000 to 00007FFD31B99000)
Tue Oct 01 01:55:07 2024 UTC - 10: msvcp_win.dll - (00007FFD31D40000 to 00007FFD31DDA000)
Tue Oct 01 01:55:07 2024 UTC - 11: ucrtbase.dll - (00007FFD31960000 to 00007FFD31A71000)
Tue Oct 01 01:55:07 2024 UTC - 12: SHELL32.dll - (00007FFD327B0000 to 00007FFD33017000)
Tue Oct 01 01:55:07 2024 UTC - 13: ole32.dll - (00007FFD336F0000 to 00007FFD33895000)
Tue Oct 01 01:55:07 2024 UTC - 14: dbghelp.dll - (00007FFD250C0000 to 00007FFD252F2000)
Tue Oct 01 01:55:07 2024 UTC - 15: combase.dll - (00007FFD32110000 to 00007FFD3249E000)
Tue Oct 01 01:55:07 2024 UTC - 16: OLEAUT32.dll - (00007FFD33C50000 to 00007FFD33D27000)
Tue Oct 01 01:55:07 2024 UTC - 17: RPCRT4.dll - (00007FFD33990000 to 00007FFD33AA4000)
Tue Oct 01 01:55:07 2024 UTC - 18: PSAPI.DLL - (00007FFD338A0000 to 00007FFD338A8000)
Tue Oct 01 01:55:07 2024 UTC - 19: ADVAPI32.dll - (00007FFD33AB0000 to 00007FFD33B62000)
Tue Oct 01 01:55:07 2024 UTC - 20: msvcrt.dll - (00007FFD324D0000 to 00007FFD32577000)
Tue Oct 01 01:55:07 2024 UTC - 21: sechost.dll - (00007FFD33330000 to 00007FFD333D9000)
Tue Oct 01 01:55:07 2024 UTC - 22: bcrypt.dll - (00007FFD31510000 to 00007FFD31538000)
Tue Oct 01 01:55:07 2024 UTC - 23: VERSION.dll - (00007FFD28380000 to 00007FFD2838A000)
Tue Oct 01 01:55:07 2024 UTC - 24: WININET.dll - (00007FFD1B300000 to 00007FFD1B7FE000)
Tue Oct 01 01:55:07 2024 UTC - 25: IMM32.DLL - (00007FFD33490000 to 00007FFD334C1000)
Tue Oct 01 01:55:07 2024 UTC - 26: gameoverlayrenderer64.dll - (00007FFCE2550000 to 00007FFCE26E4000)
Tue Oct 01 01:55:07 2024 UTC - 27: CFGMGR32.dll - (00007FFD31220000 to 00007FFD3126E000)
Tue Oct 01 01:55:07 2024 UTC - 28: WINMM.dll - (00007FFD2B780000 to 00007FFD2B7B4000)
Tue Oct 01 01:55:07 2024 UTC - ----------------------------
Tue Oct 01 01:55:07 2024 UTC - GameOverlayRenderer.dll detaching
